Using pre-set license
Built from '2021.3/staging' branch; Version is '2021.3.19f1 (c9714fde33b6) revision 13201743'; Using compiler version '192829333'; Build Type 'Release'
OS: 'Windows 11  (10.0.22621) 64bit CoreCountrySpecific' Language: 'zh' Physical Memory: 16171 MB
BatchMode: 1, IsHumanControllingUs: 0, StartBugReporterOnCrash: 0, Is64bit: 1, IsPro: 1

COMMAND LINE ARGUMENTS:
D:\Code\UnityHub\2021.3.19f1\Editor\Unity.exe
-adb2
-batchMode
-noUpm
-name
AssetImportWorker0
-projectPath
D:/Code/UnityProject/ProjectTest/UGuiTest
-logFile
Logs/AssetImportWorker0.log
-srvPort
2084
Successfully changed project path to: D:/Code/UnityProject/ProjectTest/UGuiTest
D:/Code/UnityProject/ProjectTest/UGuiTest
[UnityMemory] Configuration Parameters - Can be set up in boot.config
    "memorysetup-bucket-allocator-granularity=16"
    "memorysetup-bucket-allocator-bucket-count=8"
    "memorysetup-bucket-allocator-block-size=33554432"
    "memorysetup-bucket-allocator-block-count=8"
    "memorysetup-main-allocator-block-size=16777216"
    "memorysetup-thread-allocator-block-size=16777216"
    "memorysetup-gfx-main-allocator-block-size=16777216"
    "memorysetup-gfx-thread-allocator-block-size=16777216"
    "memorysetup-cache-allocator-block-size=4194304"
    "memorysetup-typetree-allocator-block-size=2097152"
    "memorysetup-profiler-bucket-allocator-granularity=16"
    "memorysetup-profiler-bucket-allocator-bucket-count=8"
    "memorysetup-profiler-bucket-allocator-block-size=33554432"
    "memorysetup-profiler-bucket-allocator-block-count=8"
    "memorysetup-profiler-allocator-block-size=16777216"
    "memorysetup-profiler-editor-allocator-block-size=1048576"
    "memorysetup-temp-allocator-size-main=16777216"
    "memorysetup-job-temp-allocator-block-size=2097152"
    "memorysetup-job-temp-allocator-block-size-background=1048576"
    "memorysetup-job-temp-allocator-reduction-small-platforms=262144"
    "memorysetup-temp-allocator-size-background-worker=32768"
    "memorysetup-temp-allocator-size-job-worker=262144"
    "memorysetup-temp-allocator-size-preload-manager=33554432"
    "memorysetup-temp-allocator-size-nav-mesh-worker=65536"
    "memorysetup-temp-allocator-size-audio-worker=65536"
    "memorysetup-temp-allocator-size-cloud-worker=32768"
    "memorysetup-temp-allocator-size-gi-baking-worker=262144"
    "memorysetup-temp-allocator-size-gfx=262144"
Player connection [23996] Host "[IP] 192.168.31.12 [Port] 0 [Flags] 2 [Guid] 286850130 [EditorId] 286850130 [Version] 1048832 [Id] WindowsEditor(7,在风陵渡口卖机顶盒) [Debug] 1 [PackageName] WindowsEditor [ProjectName] Editor" joined multi-casting on [225.0.0.222:54997]...

Player connection [23996] Host "[IP] 192.168.31.12 [Port] 0 [Flags] 2 [Guid] 286850130 [EditorId] 286850130 [Version] 1048832 [Id] WindowsEditor(7,在风陵渡口卖机顶盒) [Debug] 1 [PackageName] WindowsEditor [ProjectName] Editor" joined alternative multi-casting on [225.0.0.222:34997]...

Refreshing native plugins compatible for Editor in 44.00 ms, found 3 plugins.
Preloading 0 native plugins for Editor in 0.00 ms.
Initialize engine version: 2021.3.19f1 (c9714fde33b6)
[Subsystems] Discovering subsystems at path D:/Code/UnityHub/2021.3.19f1/Editor/Data/Resources/UnitySubsystems
[Subsystems] Discovering subsystems at path D:/Code/UnityProject/ProjectTest/UGuiTest/Assets
GfxDevice: creating device client; threaded=0; jobified=0
Direct3D:
    Version:  Direct3D 11.0 [level 11.1]
    Renderer: NVIDIA GeForce RTX 3060 Ti (ID=0x2489)
    Vendor:   NVIDIA
    VRAM:     8050 MB
    Driver:   31.0.15.1702
Initialize mono
Mono path[0] = 'D:/Code/UnityHub/2021.3.19f1/Editor/Data/Managed'
Mono path[1] = 'D:/Code/UnityHub/2021.3.19f1/Editor/Data/MonoBleedingEdge/lib/mono/unityjit-win32'
Mono config path = 'D:/Code/UnityHub/2021.3.19f1/Editor/Data/MonoBleedingEdge/etc'
Using monoOptions --debugger-agent=transport=dt_socket,embedding=1,server=y,suspend=n,address=127.0.0.1:56432
Begin MonoManager ReloadAssembly
Registering precompiled unity dll's ...
Register platform support module: D:/Code/UnityHub/2021.3.19f1/Editor/Data/PlaybackEngines/WebGLSupport/UnityEditor.WebGL.Extensions.dll
Register platform support module: D:/Code/UnityHub/2021.3.19f1/Editor/Data/PlaybackEngines/WindowsStandaloneSupport/UnityEditor.WindowsStandalone.Extensions.dll
Registered in 0.001504 seconds.
Native extension for WindowsStandalone target not found
Native extension for WebGL target not found
Refreshing native plugins compatible for Editor in 46.26 ms, found 3 plugins.
Preloading 0 native plugins for Editor in 0.00 ms.
Mono: successfully reloaded assembly
- Completed reload, in  0.489 seconds
Domain Reload Profiling:
	ReloadAssembly (489ms)
		BeginReloadAssembly (73ms)
			ExecutionOrderSort (0ms)
			DisableScriptedObjects (0ms)
			BackupInstance (0ms)
			ReleaseScriptingObjects (0ms)
			CreateAndSetChildDomain (0ms)
		EndReloadAssembly (337ms)
			LoadAssemblies (73ms)
			RebuildTransferFunctionScriptingTraits (0ms)
			SetupTypeCache (102ms)
			ReleaseScriptCaches (0ms)
			RebuildScriptCaches (21ms)
			SetupLoadedEditorAssemblies (176ms)
				LogAssemblyErrors (0ms)
				InitializePlatformSupportModulesInManaged (6ms)
				SetLoadedEditorAssemblies (0ms)
				RefreshPlugins (46ms)
				BeforeProcessingInitializeOnLoad (1ms)
				ProcessInitializeOnLoadAttributes (91ms)
				ProcessInitializeOnLoadMethodAttributes (32ms)
				AfterProcessingInitializeOnLoad (0ms)
				EditorAssembliesLoaded (0ms)
			ExecutionOrderSort2 (0ms)
			AwakeInstancesAfterBackupRestoration (0ms)
Platform modules already initialized, skipping
Registering precompiled user dll's ...
Registered in 0.002769 seconds.
Begin MonoManager ReloadAssembly
Symbol file LoadedFromMemory doesn't match image D:\Code\UnityProject\ProjectTest\UGuiTest\Library\PackageCache\com.unity.visualscripting@1.8.0\Editor\VisualScripting.Core\Dependencies\YamlDotNet\Unity.VisualScripting.YamlDotNet.dll
Symbol file LoadedFromMemory doesn't match image D:\Code\UnityProject\ProjectTest\UGuiTest\Library\PackageCache\com.unity.visualscripting@1.8.0\Editor\VisualScripting.Core\Dependencies\DotNetZip\Unity.VisualScripting.IonicZip.dll
Native extension for WindowsStandalone target not found
Native extension for WebGL target not found
Refreshing native plugins compatible for Editor in 0.46 ms, found 3 plugins.
Preloading 0 native plugins for Editor in 0.00 ms.
Mono: successfully reloaded assembly
- Completed reload, in  0.840 seconds
Domain Reload Profiling:
	ReloadAssembly (841ms)
		BeginReloadAssembly (85ms)
			ExecutionOrderSort (0ms)
			DisableScriptedObjects (4ms)
			BackupInstance (0ms)
			ReleaseScriptingObjects (0ms)
			CreateAndSetChildDomain (15ms)
		EndReloadAssembly (680ms)
			LoadAssemblies (83ms)
			RebuildTransferFunctionScriptingTraits (0ms)
			SetupTypeCache (269ms)
			ReleaseScriptCaches (0ms)
			RebuildScriptCaches (63ms)
			SetupLoadedEditorAssemblies (222ms)
				LogAssemblyErrors (0ms)
				InitializePlatformSupportModulesInManaged (5ms)
				SetLoadedEditorAssemblies (0ms)
				RefreshPlugins (1ms)
				BeforeProcessingInitializeOnLoad (56ms)
				ProcessInitializeOnLoadAttributes (146ms)
				ProcessInitializeOnLoadMethodAttributes (12ms)
				AfterProcessingInitializeOnLoad (1ms)
				EditorAssembliesLoaded (0ms)
			ExecutionOrderSort2 (0ms)
			AwakeInstancesAfterBackupRestoration (5ms)
Platform modules already initialized, skipping
========================================================================
Worker process is ready to serve import requests
Launched and connected shader compiler UnityShaderCompiler.exe after 0.03 seconds
Refreshing native plugins compatible for Editor in 0.36 ms, found 3 plugins.
Preloading 0 native plugins for Editor in 0.00 ms.
Unloading 3099 Unused Serialized files (Serialized files now loaded: 0)
Unloading 24 unused Assets / (113.8 KB). Loaded Objects now: 3560.
Memory consumption went from 111.0 MB to 110.8 MB.
Total: 2.114000 ms (FindLiveObjects: 0.183900 ms CreateObjectMapping: 0.082900 ms MarkObjects: 1.765900 ms  DeleteObjects: 0.079500 ms)

AssetImportParameters requested are different than current active one (requested -> active):
  custom:video-decoder-ogg-theora: a1e56fd34408186e4bbccfd4996cb3dc -> 
  custom:container-muxer-webm: aa71ff27fc2769a1b78a27578f13a17b -> 
  custom:container-demuxer-webm: 4f35f7cbe854078d1ac9338744f61a02 -> 
  custom:video-encoder-webm-vp8: eb34c28f22e8b96e1ab97ce403110664 -> 
  custom:video-codec-MediaFoundation-h265: 746d11721c4dcdbdad8f713fa42b33f4 -> 
  custom:audio-encoder-webm-vorbis: bf7c407c2cedff20999df2af8eb42d56 -> 
  custom:framework-win-MediaFoundation: 216162199b28c13a410421893ffa2e32 -> 
  custom:container-demuxer-ogg: 62fdf1f143b41e24485cea50d1cbac27 -> 
  custom:video-decoder-webm-vp8: 9c59270c3fd7afecdb556c50c9e8de78 -> 
  custom:audio-decoder-ogg-vorbis: bf7c407c2cedff20999df2af8eb42d56 -> 
========================================================================
Received Prepare
Registering precompiled user dll's ...
Registered in 0.002083 seconds.
Begin MonoManager ReloadAssembly
Symbol file LoadedFromMemory doesn't match image D:\Code\UnityProject\ProjectTest\UGuiTest\Library\PackageCache\com.unity.visualscripting@1.8.0\Editor\VisualScripting.Core\Dependencies\YamlDotNet\Unity.VisualScripting.YamlDotNet.dll
Symbol file LoadedFromMemory doesn't match image D:\Code\UnityProject\ProjectTest\UGuiTest\Library\PackageCache\com.unity.visualscripting@1.8.0\Editor\VisualScripting.Core\Dependencies\DotNetZip\Unity.VisualScripting.IonicZip.dll
Native extension for WindowsStandalone target not found
Native extension for WebGL target not found
Refreshing native plugins compatible for Editor in 0.35 ms, found 3 plugins.
Preloading 0 native plugins for Editor in 0.00 ms.
Mono: successfully reloaded assembly
- Completed reload, in  0.577 seconds
Domain Reload Profiling:
	ReloadAssembly (578ms)
		BeginReloadAssembly (92ms)
			ExecutionOrderSort (0ms)
			DisableScriptedObjects (3ms)
			BackupInstance (0ms)
			ReleaseScriptingObjects (0ms)
			CreateAndSetChildDomain (21ms)
		EndReloadAssembly (430ms)
			LoadAssemblies (54ms)
			RebuildTransferFunctionScriptingTraits (0ms)
			SetupTypeCache (162ms)
			ReleaseScriptCaches (1ms)
			RebuildScriptCaches (23ms)
			SetupLoadedEditorAssemblies (174ms)
				LogAssemblyErrors (0ms)
				InitializePlatformSupportModulesInManaged (8ms)
				SetLoadedEditorAssemblies (0ms)
				RefreshPlugins (0ms)
				BeforeProcessingInitializeOnLoad (35ms)
				ProcessInitializeOnLoadAttributes (117ms)
				ProcessInitializeOnLoadMethodAttributes (12ms)
				AfterProcessingInitializeOnLoad (1ms)
				EditorAssembliesLoaded (0ms)
			ExecutionOrderSort2 (0ms)
			AwakeInstancesAfterBackupRestoration (4ms)
Platform modules already initialized, skipping
Refreshing native plugins compatible for Editor in 1.16 ms, found 3 plugins.
Preloading 0 native plugins for Editor in 0.00 ms.
Unloading 3081 Unused Serialized files (Serialized files now loaded: 0)
Unloading 17 unused Assets / (80.3 KB). Loaded Objects now: 3563.
Memory consumption went from 109.5 MB to 109.4 MB.
Total: 1.775700 ms (FindLiveObjects: 0.122100 ms CreateObjectMapping: 0.055800 ms MarkObjects: 1.539700 ms  DeleteObjects: 0.057600 ms)

AssetImportParameters requested are different than current active one (requested -> active):
  custom:video-decoder-ogg-theora: a1e56fd34408186e4bbccfd4996cb3dc -> 
  custom:container-muxer-webm: aa71ff27fc2769a1b78a27578f13a17b -> 
  custom:container-demuxer-webm: 4f35f7cbe854078d1ac9338744f61a02 -> 
  custom:video-encoder-webm-vp8: eb34c28f22e8b96e1ab97ce403110664 -> 
  custom:video-codec-MediaFoundation-h265: 746d11721c4dcdbdad8f713fa42b33f4 -> 
  custom:audio-encoder-webm-vorbis: bf7c407c2cedff20999df2af8eb42d56 -> 
  custom:framework-win-MediaFoundation: 216162199b28c13a410421893ffa2e32 -> 
  custom:container-demuxer-ogg: 62fdf1f143b41e24485cea50d1cbac27 -> 
  custom:video-decoder-webm-vp8: 9c59270c3fd7afecdb556c50c9e8de78 -> 
  custom:audio-decoder-ogg-vorbis: bf7c407c2cedff20999df2af8eb42d56 -> 
========================================================================
Received Import Request.
  Time since last request: 211017.835939 seconds.
  path: Assets/Script/Bag/BagThings.cs
  artifactKey: Guid(0b49acbd1e9fc1e458e38e81d071fe53) Importer(815301076,1909f56bfc062723c751e8b465ee728b)
Start importing Assets/Script/Bag/BagThings.cs using Guid(0b49acbd1e9fc1e458e38e81d071fe53) Importer(815301076,1909f56bfc062723c751e8b465ee728b)  -> (artifact id: 'abfab43a77f66a47a3841eae32978066') in 0.017341 seconds 
========================================================================
Received Prepare
Registering precompiled user dll's ...
Registered in 0.001969 seconds.
Begin MonoManager ReloadAssembly
Symbol file LoadedFromMemory doesn't match image D:\Code\UnityProject\ProjectTest\UGuiTest\Library\PackageCache\com.unity.visualscripting@1.8.0\Editor\VisualScripting.Core\Dependencies\YamlDotNet\Unity.VisualScripting.YamlDotNet.dll
Symbol file LoadedFromMemory doesn't match image D:\Code\UnityProject\ProjectTest\UGuiTest\Library\PackageCache\com.unity.visualscripting@1.8.0\Editor\VisualScripting.Core\Dependencies\DotNetZip\Unity.VisualScripting.IonicZip.dll
Native extension for WindowsStandalone target not found
Native extension for WebGL target not found
Refreshing native plugins compatible for Editor in 0.33 ms, found 3 plugins.
Preloading 0 native plugins for Editor in 0.00 ms.
Mono: successfully reloaded assembly
- Completed reload, in  0.577 seconds
Domain Reload Profiling:
	ReloadAssembly (577ms)
		BeginReloadAssembly (88ms)
			ExecutionOrderSort (0ms)
			DisableScriptedObjects (3ms)
			BackupInstance (0ms)
			ReleaseScriptingObjects (0ms)
			CreateAndSetChildDomain (20ms)
		EndReloadAssembly (434ms)
			LoadAssemblies (55ms)
			RebuildTransferFunctionScriptingTraits (0ms)
			SetupTypeCache (167ms)
			ReleaseScriptCaches (1ms)
			RebuildScriptCaches (22ms)
			SetupLoadedEditorAssemblies (170ms)
				LogAssemblyErrors (0ms)
				InitializePlatformSupportModulesInManaged (8ms)
				SetLoadedEditorAssemblies (0ms)
				RefreshPlugins (0ms)
				BeforeProcessingInitializeOnLoad (32ms)
				ProcessInitializeOnLoadAttributes (116ms)
				ProcessInitializeOnLoadMethodAttributes (12ms)
				AfterProcessingInitializeOnLoad (1ms)
				EditorAssembliesLoaded (0ms)
			ExecutionOrderSort2 (0ms)
			AwakeInstancesAfterBackupRestoration (5ms)
Platform modules already initialized, skipping
Refreshing native plugins compatible for Editor in 0.94 ms, found 3 plugins.
Preloading 0 native plugins for Editor in 0.00 ms.
Unloading 3082 Unused Serialized files (Serialized files now loaded: 0)
Unloading 17 unused Assets / (80.1 KB). Loaded Objects now: 3567.
Memory consumption went from 109.5 MB to 109.5 MB.
Total: 1.819400 ms (FindLiveObjects: 0.143400 ms CreateObjectMapping: 0.065900 ms MarkObjects: 1.548800 ms  DeleteObjects: 0.059300 ms)

AssetImportParameters requested are different than current active one (requested -> active):
  custom:video-decoder-ogg-theora: a1e56fd34408186e4bbccfd4996cb3dc -> 
  custom:container-muxer-webm: aa71ff27fc2769a1b78a27578f13a17b -> 
  custom:container-demuxer-webm: 4f35f7cbe854078d1ac9338744f61a02 -> 
  custom:video-encoder-webm-vp8: eb34c28f22e8b96e1ab97ce403110664 -> 
  custom:video-codec-MediaFoundation-h265: 746d11721c4dcdbdad8f713fa42b33f4 -> 
  custom:audio-encoder-webm-vorbis: bf7c407c2cedff20999df2af8eb42d56 -> 
  custom:framework-win-MediaFoundation: 216162199b28c13a410421893ffa2e32 -> 
  custom:container-demuxer-ogg: 62fdf1f143b41e24485cea50d1cbac27 -> 
  custom:video-decoder-webm-vp8: 9c59270c3fd7afecdb556c50c9e8de78 -> 
  custom:audio-decoder-ogg-vorbis: bf7c407c2cedff20999df2af8eb42d56 -> 
========================================================================
Received Import Request.
  Time since last request: 110.006153 seconds.
  path: Assets/Prefbs
  artifactKey: Guid(18bc3e3d456e69d4bb5967c8b039a54c) Importer(815301076,1909f56bfc062723c751e8b465ee728b)
Start importing Assets/Prefbs using Guid(18bc3e3d456e69d4bb5967c8b039a54c) Importer(815301076,1909f56bfc062723c751e8b465ee728b)  -> (artifact id: '3e47cf7615bffa0778438a52174a9cef') in 0.006421 seconds 
========================================================================
Received Import Request.
  Time since last request: 3.372618 seconds.
  path: Assets/Prefabs
  artifactKey: Guid(18bc3e3d456e69d4bb5967c8b039a54c) Importer(815301076,1909f56bfc062723c751e8b465ee728b)
Start importing Assets/Prefabs using Guid(18bc3e3d456e69d4bb5967c8b039a54c) Importer(815301076,1909f56bfc062723c751e8b465ee728b)  -> (artifact id: '4b1cac52f2a9df617fcab0a60b28df13') in 0.000962 seconds 
========================================================================
Received Import Request.
  Time since last request: 14.430027 seconds.
  path: Assets/Prefabs/Bag
  artifactKey: Guid(058eccc52dba42845b349fa1685a3d10) Importer(815301076,1909f56bfc062723c751e8b465ee728b)
Start importing Assets/Prefabs/Bag using Guid(058eccc52dba42845b349fa1685a3d10) Importer(815301076,1909f56bfc062723c751e8b465ee728b)  -> (artifact id: 'c255c0fdf64642ad133f30da99adc0af') in 0.001442 seconds 
========================================================================
Received Import Request.
  Time since last request: 25.763952 seconds.
  path: Assets/Prefabs/Bag/Article_Item.prefab
  artifactKey: Guid(60a5a875b36f5204d892ae7671e19e67) Importer(815301076,1909f56bfc062723c751e8b465ee728b)
Start importing Assets/Prefabs/Bag/Article_Item.prefab using Guid(60a5a875b36f5204d892ae7671e19e67) Importer(815301076,1909f56bfc062723c751e8b465ee728b)  -> (artifact id: '47fedaa1468402dd38139b632e09b7d0') in 0.179068 seconds 
========================================================================
Received Import Request.
  Time since last request: 500.156974 seconds.
  path: Assets/Script/Bag/BagThings.cs
  artifactKey: Guid(0b49acbd1e9fc1e458e38e81d071fe53) Importer(815301076,1909f56bfc062723c751e8b465ee728b)
Start importing Assets/Script/Bag/BagThings.cs using Guid(0b49acbd1e9fc1e458e38e81d071fe53) Importer(815301076,1909f56bfc062723c751e8b465ee728b)  -> (artifact id: 'cee0da26f3b4408a0be7fe72b9b958b4') in 0.001790 seconds 
========================================================================
Received Prepare
Registering precompiled user dll's ...
Registered in 0.004560 seconds.
Begin MonoManager ReloadAssembly
Symbol file LoadedFromMemory doesn't match image D:\Code\UnityProject\ProjectTest\UGuiTest\Library\PackageCache\com.unity.visualscripting@1.8.0\Editor\VisualScripting.Core\Dependencies\YamlDotNet\Unity.VisualScripting.YamlDotNet.dll
Symbol file LoadedFromMemory doesn't match image D:\Code\UnityProject\ProjectTest\UGuiTest\Library\PackageCache\com.unity.visualscripting@1.8.0\Editor\VisualScripting.Core\Dependencies\DotNetZip\Unity.VisualScripting.IonicZip.dll
Native extension for WindowsStandalone target not found
Native extension for WebGL target not found
Refreshing native plugins compatible for Editor in 0.53 ms, found 3 plugins.
Preloading 0 native plugins for Editor in 0.00 ms.
Mono: successfully reloaded assembly
- Completed reload, in  1.045 seconds
Domain Reload Profiling:
	ReloadAssembly (1046ms)
		BeginReloadAssembly (146ms)
			ExecutionOrderSort (0ms)
			DisableScriptedObjects (6ms)
			BackupInstance (0ms)
			ReleaseScriptingObjects (0ms)
			CreateAndSetChildDomain (35ms)
		EndReloadAssembly (794ms)
			LoadAssemblies (109ms)
			RebuildTransferFunctionScriptingTraits (0ms)
			SetupTypeCache (291ms)
			ReleaseScriptCaches (1ms)
			RebuildScriptCaches (48ms)
			SetupLoadedEditorAssemblies (315ms)
				LogAssemblyErrors (0ms)
				InitializePlatformSupportModulesInManaged (15ms)
				SetLoadedEditorAssemblies (0ms)
				RefreshPlugins (1ms)
				BeforeProcessingInitializeOnLoad (59ms)
				ProcessInitializeOnLoadAttributes (214ms)
				ProcessInitializeOnLoadMethodAttributes (22ms)
				AfterProcessingInitializeOnLoad (3ms)
				EditorAssembliesLoaded (0ms)
			ExecutionOrderSort2 (0ms)
			AwakeInstancesAfterBackupRestoration (10ms)
Platform modules already initialized, skipping
Refreshing native plugins compatible for Editor in 1.94 ms, found 3 plugins.
Preloading 0 native plugins for Editor in 0.00 ms.
Unloading 3082 Unused Serialized files (Serialized files now loaded: 0)
Unloading 17 unused Assets / (80.2 KB). Loaded Objects now: 3571.
Memory consumption went from 109.6 MB to 109.5 MB.
Total: 3.051400 ms (FindLiveObjects: 0.400800 ms CreateObjectMapping: 0.097500 ms MarkObjects: 2.458500 ms  DeleteObjects: 0.093700 ms)

AssetImportParameters requested are different than current active one (requested -> active):
  custom:video-decoder-ogg-theora: a1e56fd34408186e4bbccfd4996cb3dc -> 
  custom:container-muxer-webm: aa71ff27fc2769a1b78a27578f13a17b -> 
  custom:container-demuxer-webm: 4f35f7cbe854078d1ac9338744f61a02 -> 
  custom:video-encoder-webm-vp8: eb34c28f22e8b96e1ab97ce403110664 -> 
  custom:video-codec-MediaFoundation-h265: 746d11721c4dcdbdad8f713fa42b33f4 -> 
  custom:audio-encoder-webm-vorbis: bf7c407c2cedff20999df2af8eb42d56 -> 
  custom:framework-win-MediaFoundation: 216162199b28c13a410421893ffa2e32 -> 
  custom:container-demuxer-ogg: 62fdf1f143b41e24485cea50d1cbac27 -> 
  custom:video-decoder-webm-vp8: 9c59270c3fd7afecdb556c50c9e8de78 -> 
  custom:audio-decoder-ogg-vorbis: bf7c407c2cedff20999df2af8eb42d56 -> 
========================================================================
Received Import Request.
  Time since last request: 28.363064 seconds.
  path: Assets/Script/Bag/BagThings.cs
  artifactKey: Guid(0b49acbd1e9fc1e458e38e81d071fe53) Importer(815301076,1909f56bfc062723c751e8b465ee728b)
Start importing Assets/Script/Bag/BagThings.cs using Guid(0b49acbd1e9fc1e458e38e81d071fe53) Importer(815301076,1909f56bfc062723c751e8b465ee728b)  -> (artifact id: '09ba474220ce238d01668917e08646a2') in 0.004598 seconds 
========================================================================
Received Prepare
Registering precompiled user dll's ...
Registered in 0.001929 seconds.
Begin MonoManager ReloadAssembly
Symbol file LoadedFromMemory doesn't match image D:\Code\UnityProject\ProjectTest\UGuiTest\Library\PackageCache\com.unity.visualscripting@1.8.0\Editor\VisualScripting.Core\Dependencies\YamlDotNet\Unity.VisualScripting.YamlDotNet.dll
Symbol file LoadedFromMemory doesn't match image D:\Code\UnityProject\ProjectTest\UGuiTest\Library\PackageCache\com.unity.visualscripting@1.8.0\Editor\VisualScripting.Core\Dependencies\DotNetZip\Unity.VisualScripting.IonicZip.dll
Native extension for WindowsStandalone target not found
Native extension for WebGL target not found
Refreshing native plugins compatible for Editor in 0.47 ms, found 3 plugins.
Preloading 0 native plugins for Editor in 0.00 ms.
Mono: successfully reloaded assembly
- Completed reload, in  0.619 seconds
Domain Reload Profiling:
	ReloadAssembly (620ms)
		BeginReloadAssembly (89ms)
			ExecutionOrderSort (0ms)
			DisableScriptedObjects (3ms)
			BackupInstance (0ms)
			ReleaseScriptingObjects (0ms)
			CreateAndSetChildDomain (20ms)
		EndReloadAssembly (472ms)
			LoadAssemblies (56ms)
			RebuildTransferFunctionScriptingTraits (0ms)
			SetupTypeCache (172ms)
			ReleaseScriptCaches (1ms)
			RebuildScriptCaches (25ms)
			SetupLoadedEditorAssemblies (192ms)
				LogAssemblyErrors (0ms)
				InitializePlatformSupportModulesInManaged (9ms)
				SetLoadedEditorAssemblies (0ms)
				RefreshPlugins (1ms)
				BeforeProcessingInitializeOnLoad (36ms)
				ProcessInitializeOnLoadAttributes (132ms)
				ProcessInitializeOnLoadMethodAttributes (13ms)
				AfterProcessingInitializeOnLoad (1ms)
				EditorAssembliesLoaded (0ms)
			ExecutionOrderSort2 (0ms)
			AwakeInstancesAfterBackupRestoration (5ms)
Platform modules already initialized, skipping
Refreshing native plugins compatible for Editor in 1.00 ms, found 3 plugins.
Preloading 0 native plugins for Editor in 0.00 ms.
Unloading 3082 Unused Serialized files (Serialized files now loaded: 0)
Unloading 17 unused Assets / (80.0 KB). Loaded Objects now: 3574.
Memory consumption went from 109.6 MB to 109.5 MB.
Total: 1.920300 ms (FindLiveObjects: 0.145600 ms CreateObjectMapping: 0.067800 ms MarkObjects: 1.645400 ms  DeleteObjects: 0.060900 ms)

AssetImportParameters requested are different than current active one (requested -> active):
  custom:video-decoder-ogg-theora: a1e56fd34408186e4bbccfd4996cb3dc -> 
  custom:container-muxer-webm: aa71ff27fc2769a1b78a27578f13a17b -> 
  custom:container-demuxer-webm: 4f35f7cbe854078d1ac9338744f61a02 -> 
  custom:video-encoder-webm-vp8: eb34c28f22e8b96e1ab97ce403110664 -> 
  custom:video-codec-MediaFoundation-h265: 746d11721c4dcdbdad8f713fa42b33f4 -> 
  custom:audio-encoder-webm-vorbis: bf7c407c2cedff20999df2af8eb42d56 -> 
  custom:framework-win-MediaFoundation: 216162199b28c13a410421893ffa2e32 -> 
  custom:container-demuxer-ogg: 62fdf1f143b41e24485cea50d1cbac27 -> 
  custom:video-decoder-webm-vp8: 9c59270c3fd7afecdb556c50c9e8de78 -> 
  custom:audio-decoder-ogg-vorbis: bf7c407c2cedff20999df2af8eb42d56 -> 
========================================================================
Received Import Request.
  Time since last request: 3.060439 seconds.
  path: Assets/Script/Bag/BagThings.cs
  artifactKey: Guid(0b49acbd1e9fc1e458e38e81d071fe53) Importer(815301076,1909f56bfc062723c751e8b465ee728b)
Start importing Assets/Script/Bag/BagThings.cs using Guid(0b49acbd1e9fc1e458e38e81d071fe53) Importer(815301076,1909f56bfc062723c751e8b465ee728b)  -> (artifact id: '370a02c0430cd0589cf321ae057487aa') in 0.003956 seconds 
========================================================================
Received Import Request.
  Time since last request: 351.535528 seconds.
  path: Assets/Scenes/SampleScene.unity
  artifactKey: Guid(9fc0d4010bbf28b4594072e72b8655ab) Importer(815301076,1909f56bfc062723c751e8b465ee728b)
Start importing Assets/Scenes/SampleScene.unity using Guid(9fc0d4010bbf28b4594072e72b8655ab) Importer(815301076,1909f56bfc062723c751e8b465ee728b)  -> (artifact id: '89e662213faf4df3a4c605700abbf693') in 0.002086 seconds 
========================================================================
Received Import Request.
  Time since last request: 56.233979 seconds.
  path: Assets/TextMesh Pro/Resources
  artifactKey: Guid(243e06394e614e5d99fab26083b707fa) Importer(815301076,1909f56bfc062723c751e8b465ee728b)
Start importing Assets/TextMesh Pro/Resources using Guid(243e06394e614e5d99fab26083b707fa) Importer(815301076,1909f56bfc062723c751e8b465ee728b)  -> (artifact id: '73107d1020a62e3def86c468d2a05456') in 0.001064 seconds 
========================================================================
Received Import Request.
  Time since last request: 19.839092 seconds.
  path: Assets/LowPoly Environment Pack/Demo/Demo 1.unity
  artifactKey: Guid(e1b793c40df980747b159fd6e9176269) Importer(815301076,1909f56bfc062723c751e8b465ee728b)
Start importing Assets/LowPoly Environment Pack/Demo/Demo 1.unity using Guid(e1b793c40df980747b159fd6e9176269) Importer(815301076,1909f56bfc062723c751e8b465ee728b)  -> (artifact id: '9d71402ee3c7020197472ce5a9889862') in 0.001170 seconds 
========================================================================
Received Prepare
Registering precompiled user dll's ...
Registered in 0.001905 seconds.
Begin MonoManager ReloadAssembly
Symbol file LoadedFromMemory doesn't match image D:\Code\UnityProject\ProjectTest\UGuiTest\Library\PackageCache\com.unity.visualscripting@1.8.0\Editor\VisualScripting.Core\Dependencies\YamlDotNet\Unity.VisualScripting.YamlDotNet.dll
Symbol file LoadedFromMemory doesn't match image D:\Code\UnityProject\ProjectTest\UGuiTest\Library\PackageCache\com.unity.visualscripting@1.8.0\Editor\VisualScripting.Core\Dependencies\DotNetZip\Unity.VisualScripting.IonicZip.dll
Native extension for WindowsStandalone target not found
Native extension for WebGL target not found
Refreshing native plugins compatible for Editor in 0.42 ms, found 3 plugins.
Preloading 0 native plugins for Editor in 0.00 ms.
Mono: successfully reloaded assembly
- Completed reload, in  0.614 seconds
Domain Reload Profiling:
	ReloadAssembly (615ms)
		BeginReloadAssembly (95ms)
			ExecutionOrderSort (0ms)
			DisableScriptedObjects (3ms)
			BackupInstance (0ms)
			ReleaseScriptingObjects (0ms)
			CreateAndSetChildDomain (21ms)
		EndReloadAssembly (463ms)
			LoadAssemblies (60ms)
			RebuildTransferFunctionScriptingTraits (0ms)
			SetupTypeCache (151ms)
			ReleaseScriptCaches (1ms)
			RebuildScriptCaches (26ms)
			SetupLoadedEditorAssemblies (204ms)
				LogAssemblyErrors (0ms)
				InitializePlatformSupportModulesInManaged (10ms)
				SetLoadedEditorAssemblies (0ms)
				RefreshPlugins (1ms)
				BeforeProcessingInitializeOnLoad (38ms)
				ProcessInitializeOnLoadAttributes (140ms)
				ProcessInitializeOnLoadMethodAttributes (14ms)
				AfterProcessingInitializeOnLoad (2ms)
				EditorAssembliesLoaded (0ms)
			ExecutionOrderSort2 (0ms)
			AwakeInstancesAfterBackupRestoration (7ms)
Platform modules already initialized, skipping
Refreshing native plugins compatible for Editor in 0.91 ms, found 3 plugins.
Preloading 0 native plugins for Editor in 0.00 ms.
Unloading 3082 Unused Serialized files (Serialized files now loaded: 0)
Unloading 17 unused Assets / (80.3 KB). Loaded Objects now: 3577.
Memory consumption went from 109.6 MB to 109.5 MB.
Total: 2.114600 ms (FindLiveObjects: 0.177900 ms CreateObjectMapping: 0.102800 ms MarkObjects: 1.747500 ms  DeleteObjects: 0.085500 ms)

AssetImportParameters requested are different than current active one (requested -> active):
  custom:video-decoder-ogg-theora: a1e56fd34408186e4bbccfd4996cb3dc -> 
  custom:container-muxer-webm: aa71ff27fc2769a1b78a27578f13a17b -> 
  custom:container-demuxer-webm: 4f35f7cbe854078d1ac9338744f61a02 -> 
  custom:video-encoder-webm-vp8: eb34c28f22e8b96e1ab97ce403110664 -> 
  custom:video-codec-MediaFoundation-h265: 746d11721c4dcdbdad8f713fa42b33f4 -> 
  custom:audio-encoder-webm-vorbis: bf7c407c2cedff20999df2af8eb42d56 -> 
  custom:framework-win-MediaFoundation: 216162199b28c13a410421893ffa2e32 -> 
  custom:container-demuxer-ogg: 62fdf1f143b41e24485cea50d1cbac27 -> 
  custom:video-decoder-webm-vp8: 9c59270c3fd7afecdb556c50c9e8de78 -> 
  custom:audio-decoder-ogg-vorbis: bf7c407c2cedff20999df2af8eb42d56 -> 
========================================================================
Received Import Request.
  Time since last request: 92.444976 seconds.
  path: Assets/Resouces
  artifactKey: Guid(142a3e403cd0c584aba263b960d80667) Importer(815301076,1909f56bfc062723c751e8b465ee728b)
Start importing Assets/Resouces using Guid(142a3e403cd0c584aba263b960d80667) Importer(815301076,1909f56bfc062723c751e8b465ee728b)  -> (artifact id: '5114aa590bfe9b9ef1110ebca88df758') in 0.004449 seconds 
========================================================================
Received Import Request.
  Time since last request: 6.523600 seconds.
  path: Assets/TextMesh Pro/Resources/TMP Settings.asset
  artifactKey: Guid(3f5b5dff67a942289a9defa416b206f3) Importer(815301076,1909f56bfc062723c751e8b465ee728b)
Start importing Assets/TextMesh Pro/Resources/TMP Settings.asset using Guid(3f5b5dff67a942289a9defa416b206f3) Importer(815301076,1909f56bfc062723c751e8b465ee728b)  -> (artifact id: '7d39d3b365ae06f4a5d582e5614ba55e') in 0.030855 seconds 
========================================================================
Received Import Request.
  Time since last request: 21.998408 seconds.
  path: Assets/Resources
  artifactKey: Guid(142a3e403cd0c584aba263b960d80667) Importer(815301076,1909f56bfc062723c751e8b465ee728b)
Start importing Assets/Resources using Guid(142a3e403cd0c584aba263b960d80667) Importer(815301076,1909f56bfc062723c751e8b465ee728b)  -> (artifact id: 'd271f7af573c2820582e29536b06f46c') in 0.000863 seconds 
========================================================================
Received Import Request.
  Time since last request: 449.541201 seconds.
  path: Assets/Free Game Items/preview.png
  artifactKey: Guid(f9d96f4e7a15ef24c8c757d3388b9c20) Importer(815301076,1909f56bfc062723c751e8b465ee728b)
Start importing Assets/Free Game Items/preview.png using Guid(f9d96f4e7a15ef24c8c757d3388b9c20) Importer(815301076,1909f56bfc062723c751e8b465ee728b)  -> (artifact id: '4dc331d6e1325ffb81f67a1f0c5e89fc') in 0.105838 seconds 
========================================================================
Received Import Request.
  Time since last request: 3.668655 seconds.
  path: Assets/Free Game Items/150dpi
  artifactKey: Guid(becde04e1e827274e9a6a6b8b7c4f11b) Importer(815301076,1909f56bfc062723c751e8b465ee728b)
Start importing Assets/Free Game Items/150dpi using Guid(becde04e1e827274e9a6a6b8b7c4f11b) Importer(815301076,1909f56bfc062723c751e8b465ee728b)  -> (artifact id: '0788409abe6b1f029e09aca4b5839521') in 0.001623 seconds 
========================================================================
Received Import Request.
  Time since last request: 0.125555 seconds.
  path: Assets/Free Game Items/150dpi/ammo.png
  artifactKey: Guid(aa57974480905bf499820ea43667c426) Importer(815301076,1909f56bfc062723c751e8b465ee728b)
Start importing Assets/Free Game Items/150dpi/ammo.png using Guid(aa57974480905bf499820ea43667c426) Importer(815301076,1909f56bfc062723c751e8b465ee728b)  -> (artifact id: '25326f742f525511883a112747e2b7b3') in 0.016744 seconds 
========================================================================
Received Import Request.
  Time since last request: 0.000025 seconds.
  path: Assets/Free Game Items/150dpi/bronze_coin.png
  artifactKey: Guid(cd1bc36084c02974f86d25935060bfff) Importer(815301076,1909f56bfc062723c751e8b465ee728b)
Start importing Assets/Free Game Items/150dpi/bronze_coin.png using Guid(cd1bc36084c02974f86d25935060bfff) Importer(815301076,1909f56bfc062723c751e8b465ee728b)  -> (artifact id: '2f1f9370e7c99b3dbd4f2b1992569749') in 0.083301 seconds 
========================================================================
Received Import Request.
  Time since last request: 0.000017 seconds.
  path: Assets/Free Game Items/150dpi/clover.png
  artifactKey: Guid(7c25f9dee60b0204192d065fac7df8f3) Importer(815301076,1909f56bfc062723c751e8b465ee728b)
Start importing Assets/Free Game Items/150dpi/clover.png using Guid(7c25f9dee60b0204192d065fac7df8f3) Importer(815301076,1909f56bfc062723c751e8b465ee728b)  -> (artifact id: '381fbd30c189ae335610a12976e358cd') in 0.011622 seconds 
========================================================================
Received Import Request.
  Time since last request: 0.000021 seconds.
  path: Assets/Free Game Items/150dpi/hammer.png
  artifactKey: Guid(9ee6e7685d63c2746881ef3ccb01be5d) Importer(815301076,1909f56bfc062723c751e8b465ee728b)
Start importing Assets/Free Game Items/150dpi/hammer.png using Guid(9ee6e7685d63c2746881ef3ccb01be5d) Importer(815301076,1909f56bfc062723c751e8b465ee728b)  -> (artifact id: '49094096082c66964e6e568c52ba56d0') in 0.015824 seconds 
========================================================================
Received Import Request.
  Time since last request: 0.000015 seconds.
  path: Assets/Free Game Items/150dpi/feather.png
  artifactKey: Guid(067444548665d434d9bd4dd4096b9985) Importer(815301076,1909f56bfc062723c751e8b465ee728b)
Start importing Assets/Free Game Items/150dpi/feather.png using Guid(067444548665d434d9bd4dd4096b9985) Importer(815301076,1909f56bfc062723c751e8b465ee728b)  -> (artifact id: 'b7dcb9a8aaa8d50b1b6d3a34d2c09fd1') in 0.011685 seconds 
========================================================================
Received Import Request.
  Time since last request: 0.000012 seconds.
  path: Assets/Free Game Items/150dpi/brick.png
  artifactKey: Guid(e90f925b4b0e49b47b6607adb53587be) Importer(815301076,1909f56bfc062723c751e8b465ee728b)
Start importing Assets/Free Game Items/150dpi/brick.png using Guid(e90f925b4b0e49b47b6607adb53587be) Importer(815301076,1909f56bfc062723c751e8b465ee728b)  -> (artifact id: '685953e4970e4ad241485b8a9ab36ce6') in 0.039618 seconds 
========================================================================
Received Import Request.
  Time since last request: 0.000016 seconds.
  path: Assets/Free Game Items/150dpi/gem_2.png
  artifactKey: Guid(fcb9919dba501554cbacee6d2fb49049) Importer(815301076,1909f56bfc062723c751e8b465ee728b)
Start importing Assets/Free Game Items/150dpi/gem_2.png using Guid(fcb9919dba501554cbacee6d2fb49049) Importer(815301076,1909f56bfc062723c751e8b465ee728b)  -> (artifact id: '95dcf01e9e842a9cfc862855ac63d9e2') in 0.073489 seconds 
========================================================================
Received Import Request.
  Time since last request: 0.000016 seconds.
  path: Assets/Free Game Items/150dpi/bomb.png
  artifactKey: Guid(cacbda78d462c744499e8adb7ad49c33) Importer(815301076,1909f56bfc062723c751e8b465ee728b)
Start importing Assets/Free Game Items/150dpi/bomb.png using Guid(cacbda78d462c744499e8adb7ad49c33) Importer(815301076,1909f56bfc062723c751e8b465ee728b)  -> (artifact id: '6cee802217655ed2ad73c67401a41b6d') in 0.041400 seconds 
========================================================================
Received Import Request.
  Time since last request: 0.000017 seconds.
  path: Assets/Free Game Items/150dpi/potion_1.png
  artifactKey: Guid(628d4a22608347044bc9feb9feb67c4c) Importer(815301076,1909f56bfc062723c751e8b465ee728b)
Start importing Assets/Free Game Items/150dpi/potion_1.png using Guid(628d4a22608347044bc9feb9feb67c4c) Importer(815301076,1909f56bfc062723c751e8b465ee728b)  -> (artifact id: '566933b0dc94f22f91ad3a7e11976248') in 0.031863 seconds 
========================================================================
Received Import Request.
  Time since last request: 0.000020 seconds.
  path: Assets/Free Game Items/150dpi/gem_1.png
  artifactKey: Guid(c39e16d77426b2c4c948d7fba3d5752b) Importer(815301076,1909f56bfc062723c751e8b465ee728b)
Start importing Assets/Free Game Items/150dpi/gem_1.png using Guid(c39e16d77426b2c4c948d7fba3d5752b) Importer(815301076,1909f56bfc062723c751e8b465ee728b)  -> (artifact id: '56ae30f7a03b0fa6437822c22f0944e0') in 0.006259 seconds 
========================================================================
Received Import Request.
  Time since last request: 0.000024 seconds.
  path: Assets/Free Game Items/150dpi/backpack-2.png
  artifactKey: Guid(8dd922e0d91017f4eb28b71fe3f476d6) Importer(815301076,1909f56bfc062723c751e8b465ee728b)
Start importing Assets/Free Game Items/150dpi/backpack-2.png using Guid(8dd922e0d91017f4eb28b71fe3f476d6) Importer(815301076,1909f56bfc062723c751e8b465ee728b)  -> (artifact id: '42571d9e3bf28dd551b6d82f5530abb1') in 0.009912 seconds 
========================================================================
Received Import Request.
  Time since last request: 0.000019 seconds.
  path: Assets/Free Game Items/150dpi/belt.png
  artifactKey: Guid(a3f59a605d0bbbb48b130a7e0e49438e) Importer(815301076,1909f56bfc062723c751e8b465ee728b)
Start importing Assets/Free Game Items/150dpi/belt.png using Guid(a3f59a605d0bbbb48b130a7e0e49438e) Importer(815301076,1909f56bfc062723c751e8b465ee728b)  -> (artifact id: '4ec1c4c8db49139e1020bc6fdc41f545') in 0.007658 seconds 
========================================================================
Received Import Request.
  Time since last request: 0.000018 seconds.
  path: Assets/Free Game Items/150dpi/pills.png
  artifactKey: Guid(eb56624208ea0da4ba72ba9a63a1ab12) Importer(815301076,1909f56bfc062723c751e8b465ee728b)
Start importing Assets/Free Game Items/150dpi/pills.png using Guid(eb56624208ea0da4ba72ba9a63a1ab12) Importer(815301076,1909f56bfc062723c751e8b465ee728b)  -> (artifact id: 'bee4920108873b6784a8db34ae76cdc9') in 0.007064 seconds 
========================================================================
Received Import Request.
  Time since last request: 0.979162 seconds.
  path: Assets/Free Game Items/150dpi/potion_1_empty.png
  artifactKey: Guid(f45af443cb14eed409506ad777729639) Importer(815301076,1909f56bfc062723c751e8b465ee728b)
Start importing Assets/Free Game Items/150dpi/potion_1_empty.png using Guid(f45af443cb14eed409506ad777729639) Importer(815301076,1909f56bfc062723c751e8b465ee728b)  -> (artifact id: 'f56d9a06750e454d2c64e992ea5efb23') in 0.006416 seconds 
========================================================================
Received Import Request.
  Time since last request: 0.013868 seconds.
  path: Assets/Free Game Items/150dpi/potion_2_empty.png
  artifactKey: Guid(68f45e999bd100c45b224fa600896f75) Importer(815301076,1909f56bfc062723c751e8b465ee728b)
Start importing Assets/Free Game Items/150dpi/potion_2_empty.png using Guid(68f45e999bd100c45b224fa600896f75) Importer(815301076,1909f56bfc062723c751e8b465ee728b)  -> (artifact id: '46a809c4f8279a05d35ceb3b968fe637') in 0.008025 seconds 
========================================================================
Received Import Request.
  Time since last request: 0.355285 seconds.
  path: Assets/Free Game Items/150dpi/rope.png
  artifactKey: Guid(e0b29b674779a0249959c4204230fca5) Importer(815301076,1909f56bfc062723c751e8b465ee728b)
Start importing Assets/Free Game Items/150dpi/rope.png using Guid(e0b29b674779a0249959c4204230fca5) Importer(815301076,1909f56bfc062723c751e8b465ee728b)  -> (artifact id: '7c88e06a835d870ce0734180b3058e18') in 0.009158 seconds 
========================================================================
Received Import Request.
  Time since last request: 0.023388 seconds.
  path: Assets/Free Game Items/150dpi/sword.png
  artifactKey: Guid(4f4b3730cb977d144b41fcd8e14597c6) Importer(815301076,1909f56bfc062723c751e8b465ee728b)
Start importing Assets/Free Game Items/150dpi/sword.png using Guid(4f4b3730cb977d144b41fcd8e14597c6) Importer(815301076,1909f56bfc062723c751e8b465ee728b)  -> (artifact id: 'ea7e51c4f08cce76834fd68ea73e6aa7') in 0.007059 seconds 
========================================================================
Received Import Request.
  Time since last request: 8.302869 seconds.
  path: Assets/Free Game Items/96dpi/backpack-2.png
  artifactKey: Guid(e9b36b9e47f1f49468dc8b9c2a18927d) Importer(815301076,1909f56bfc062723c751e8b465ee728b)
Start importing Assets/Free Game Items/96dpi/backpack-2.png using Guid(e9b36b9e47f1f49468dc8b9c2a18927d) Importer(815301076,1909f56bfc062723c751e8b465ee728b)  -> (artifact id: 'ad39f980a2c66ae35e7bc9646acbc3e9') in 0.079883 seconds 
========================================================================
Received Import Request.
  Time since last request: 0.000017 seconds.
  path: Assets/Free Game Items/96dpi/pills.png
  artifactKey: Guid(dfecc0923b6ad9e4bb1187809ad62dad) Importer(815301076,1909f56bfc062723c751e8b465ee728b)
Start importing Assets/Free Game Items/96dpi/pills.png using Guid(dfecc0923b6ad9e4bb1187809ad62dad) Importer(815301076,1909f56bfc062723c751e8b465ee728b)  -> (artifact id: '17db952a7899dab63e2653ddbe29c4a4') in 0.015920 seconds 
========================================================================
Received Import Request.
  Time since last request: 0.000032 seconds.
  path: Assets/Free Game Items/96dpi/book.png
  artifactKey: Guid(405f359d0ed349e439b3e500b5f55c8a) Importer(815301076,1909f56bfc062723c751e8b465ee728b)
Start importing Assets/Free Game Items/96dpi/book.png using Guid(405f359d0ed349e439b3e500b5f55c8a) Importer(815301076,1909f56bfc062723c751e8b465ee728b)  -> (artifact id: '41ee4ae24ea3caa86935ddc0e546623f') in 0.006775 seconds 
========================================================================
Received Import Request.
  Time since last request: 0.000018 seconds.
  path: Assets/Free Game Items/96dpi/gem_1.png
  artifactKey: Guid(1b4ab323c3684824c8c12d284b4688de) Importer(815301076,1909f56bfc062723c751e8b465ee728b)
Start importing Assets/Free Game Items/96dpi/gem_1.png using Guid(1b4ab323c3684824c8c12d284b4688de) Importer(815301076,1909f56bfc062723c751e8b465ee728b)  -> (artifact id: '2deea6a151e09ed07f949f30653a3e96') in 0.006619 seconds 
========================================================================
Received Import Request.
  Time since last request: 0.000044 seconds.
  path: Assets/Free Game Items/96dpi/gem_2.png
  artifactKey: Guid(59dceeb1278244b429441fc1a4d16dc7) Importer(815301076,1909f56bfc062723c751e8b465ee728b)
Start importing Assets/Free Game Items/96dpi/gem_2.png using Guid(59dceeb1278244b429441fc1a4d16dc7) Importer(815301076,1909f56bfc062723c751e8b465ee728b)  -> (artifact id: 'bddf67ade945b5152ae5b98af6584e86') in 0.006221 seconds 
========================================================================
Received Import Request.
  Time since last request: 0.000018 seconds.
  path: Assets/Free Game Items/96dpi/potion_1_empty.png
  artifactKey: Guid(6d3666605cd21104fa84a1a601df5597) Importer(815301076,1909f56bfc062723c751e8b465ee728b)
Start importing Assets/Free Game Items/96dpi/potion_1_empty.png using Guid(6d3666605cd21104fa84a1a601df5597) Importer(815301076,1909f56bfc062723c751e8b465ee728b)  -> (artifact id: 'b3560bf70db13b291b511ac621509813') in 0.006654 seconds 
========================================================================
Received Import Request.
  Time since last request: 0.000019 seconds.
  path: Assets/Free Game Items/96dpi/pill.png
  artifactKey: Guid(0289efeb9feff2947b266fed980218d0) Importer(815301076,1909f56bfc062723c751e8b465ee728b)
Start importing Assets/Free Game Items/96dpi/pill.png using Guid(0289efeb9feff2947b266fed980218d0) Importer(815301076,1909f56bfc062723c751e8b465ee728b)  -> (artifact id: '87121eecfd6da86a07cbd6b4784ebf02') in 0.008404 seconds 
========================================================================
Received Import Request.
  Time since last request: 0.000017 seconds.
  path: Assets/Free Game Items/96dpi/feather.png
  artifactKey: Guid(d978eb0536f3b6046a6428f028d5a943) Importer(815301076,1909f56bfc062723c751e8b465ee728b)
Start importing Assets/Free Game Items/96dpi/feather.png using Guid(d978eb0536f3b6046a6428f028d5a943) Importer(815301076,1909f56bfc062723c751e8b465ee728b)  -> (artifact id: 'cde321c575699a71d15d3e5d95e90849') in 0.006356 seconds 
========================================================================
Received Import Request.
  Time since last request: 1.650465 seconds.
  path: Assets/Free Game Items/300dpi/backpack-2.png
  artifactKey: Guid(3f69ebcf2fe7fcc4b8d1566ec5839fed) Importer(815301076,1909f56bfc062723c751e8b465ee728b)
Start importing Assets/Free Game Items/300dpi/backpack-2.png using Guid(3f69ebcf2fe7fcc4b8d1566ec5839fed) Importer(815301076,1909f56bfc062723c751e8b465ee728b)  -> (artifact id: 'd10cd622635754972746429b998ab1d9') in 0.011411 seconds 
========================================================================
Received Import Request.
  Time since last request: 0.000018 seconds.
  path: Assets/Free Game Items/300dpi/flashlight.png
  artifactKey: Guid(13baec530bb89bf45a6f175a1375ea83) Importer(815301076,1909f56bfc062723c751e8b465ee728b)
Start importing Assets/Free Game Items/300dpi/flashlight.png using Guid(13baec530bb89bf45a6f175a1375ea83) Importer(815301076,1909f56bfc062723c751e8b465ee728b)  -> (artifact id: 'bd351b8b6ea34fb8a512504c0fb39586') in 0.009548 seconds 
========================================================================
Received Import Request.
  Time since last request: 0.000041 seconds.
  path: Assets/Free Game Items/300dpi/gem_3.png
  artifactKey: Guid(a20ad592324eeca408ef226fc1ad3752) Importer(815301076,1909f56bfc062723c751e8b465ee728b)
Start importing Assets/Free Game Items/300dpi/gem_3.png using Guid(a20ad592324eeca408ef226fc1ad3752) Importer(815301076,1909f56bfc062723c751e8b465ee728b)  -> (artifact id: 'ecc4ca403945c8ff42ebc481aec6871a') in 0.009641 seconds 
========================================================================
Received Import Request.
  Time since last request: 0.000017 seconds.
  path: Assets/Free Game Items/300dpi/chemical_light.png
  artifactKey: Guid(192f6d5ab9157f7449f8266aa47e9618) Importer(815301076,1909f56bfc062723c751e8b465ee728b)
Start importing Assets/Free Game Items/300dpi/chemical_light.png using Guid(192f6d5ab9157f7449f8266aa47e9618) Importer(815301076,1909f56bfc062723c751e8b465ee728b)  -> (artifact id: '7df9332d88cda572ba5e64c4362fe519') in 0.007114 seconds 
========================================================================
Received Import Request.
  Time since last request: 0.000018 seconds.
  path: Assets/Free Game Items/300dpi/clover.png
  artifactKey: Guid(7fbd9ab32b329464a8c464e9fea41ded) Importer(815301076,1909f56bfc062723c751e8b465ee728b)
Start importing Assets/Free Game Items/300dpi/clover.png using Guid(7fbd9ab32b329464a8c464e9fea41ded) Importer(815301076,1909f56bfc062723c751e8b465ee728b)  -> (artifact id: '9bb7be50427aa5f1d75d206c813202c8') in 0.008540 seconds 
========================================================================
Received Import Request.
  Time since last request: 18.207795 seconds.
  path: Assets/Resources/feather.png
  artifactKey: Guid(d70798bcb6b641c4daba25a5fa3491d6) Importer(815301076,1909f56bfc062723c751e8b465ee728b)
Start importing Assets/Resources/feather.png using Guid(d70798bcb6b641c4daba25a5fa3491d6) Importer(815301076,1909f56bfc062723c751e8b465ee728b)  -> (artifact id: '04867a53ccac5196eb6a709e0dbf6579') in 0.008163 seconds 
========================================================================
Received Import Request.
  Time since last request: 0.000018 seconds.
  path: Assets/Resources/potion_2.png
  artifactKey: Guid(09ded0e5900c4da4298c3fd40266c62b) Importer(815301076,1909f56bfc062723c751e8b465ee728b)
Start importing Assets/Resources/potion_2.png using Guid(09ded0e5900c4da4298c3fd40266c62b) Importer(815301076,1909f56bfc062723c751e8b465ee728b)  -> (artifact id: 'a11e64a659b10ddf665c7309fcbf0b44') in 0.008030 seconds 
========================================================================
Received Import Request.
  Time since last request: 0.000021 seconds.
  path: Assets/Resources/pills.png
  artifactKey: Guid(b25de4561a8329f49b13e4c2e3ab7e0b) Importer(815301076,1909f56bfc062723c751e8b465ee728b)
Start importing Assets/Resources/pills.png using Guid(b25de4561a8329f49b13e4c2e3ab7e0b) Importer(815301076,1909f56bfc062723c751e8b465ee728b)  -> (artifact id: '2671372cf13d6c2e5482a4ac51318f4e') in 0.006930 seconds 
========================================================================
Received Import Request.
  Time since last request: 0.000017 seconds.
  path: Assets/Resources/sword.png
  artifactKey: Guid(1e94cfda0ab57d54fadef2bc6d2fc500) Importer(815301076,1909f56bfc062723c751e8b465ee728b)
Start importing Assets/Resources/sword.png using Guid(1e94cfda0ab57d54fadef2bc6d2fc500) Importer(815301076,1909f56bfc062723c751e8b465ee728b)  -> (artifact id: 'c981b4f3d36d42c61e2ed0054fb9feca') in 0.007461 seconds 
========================================================================
Received Import Request.
  Time since last request: 0.000021 seconds.
  path: Assets/Resources/pill.png
  artifactKey: Guid(585bed6be3efcd44bb0bf4ec9a3400c6) Importer(815301076,1909f56bfc062723c751e8b465ee728b)
Start importing Assets/Resources/pill.png using Guid(585bed6be3efcd44bb0bf4ec9a3400c6) Importer(815301076,1909f56bfc062723c751e8b465ee728b)  -> (artifact id: '0a746e66e1eb5d170ea837d62b47a05a') in 0.005682 seconds 
========================================================================
Received Import Request.
  Time since last request: 2.577997 seconds.
  path: Assets/Resources/book.png
  artifactKey: Guid(c8d5aad19a45e134fabe4868c4d4148e) Importer(815301076,1909f56bfc062723c751e8b465ee728b)
Start importing Assets/Resources/book.png using Guid(c8d5aad19a45e134fabe4868c4d4148e) Importer(815301076,1909f56bfc062723c751e8b465ee728b)  -> (artifact id: '3a743faf3b830b58679a7a20d0e94f28') in 0.055778 seconds 
========================================================================
Received Import Request.
  Time since last request: 0.244139 seconds.
  path: Assets/Resources/backpack-2.png
  artifactKey: Guid(d08702137dc652e43940b1733c045822) Importer(815301076,1909f56bfc062723c751e8b465ee728b)
Start importing Assets/Resources/backpack-2.png using Guid(d08702137dc652e43940b1733c045822) Importer(815301076,1909f56bfc062723c751e8b465ee728b)  -> (artifact id: '786f052b10e2904d8ddd9e1c6578b62e') in 0.174210 seconds 
Editor requested this worker to shutdown with reason: Scaling down because of idle timeout
AssetImportWorker is now disconnected from the server
Process exiting
Exiting without the bug reporter. Application will terminate with return code 0