Using pre-set license
Built from '2021.3/staging' branch; Version is '2021.3.19f1 (c9714fde33b6) revision 13201743'; Using compiler version '192829333'; Build Type 'Release'
OS: 'Windows 11  (10.0.22621) 64bit CoreCountrySpecific' Language: 'zh' Physical Memory: 16171 MB
BatchMode: 1, IsHumanControllingUs: 0, StartBugReporterOnCrash: 0, Is64bit: 1, IsPro: 1

COMMAND LINE ARGUMENTS:
D:\Code\UnityHub\2021.3.19f1\Editor\Unity.exe
-adb2
-batchMode
-noUpm
-name
AssetImportWorker2
-projectPath
D:/Code/UnityProject/ProjectTest/UGuiTest
-logFile
Logs/AssetImportWorker2.log
-srvPort
2084
Successfully changed project path to: D:/Code/UnityProject/ProjectTest/UGuiTest
D:/Code/UnityProject/ProjectTest/UGuiTest
[UnityMemory] Configuration Parameters - Can be set up in boot.config
    "memorysetup-bucket-allocator-granularity=16"
    "memorysetup-bucket-allocator-bucket-count=8"
    "memorysetup-bucket-allocator-block-size=33554432"
    "memorysetup-bucket-allocator-block-count=8"
    "memorysetup-main-allocator-block-size=16777216"
    "memorysetup-thread-allocator-block-size=16777216"
    "memorysetup-gfx-main-allocator-block-size=16777216"
    "memorysetup-gfx-thread-allocator-block-size=16777216"
    "memorysetup-cache-allocator-block-size=4194304"
    "memorysetup-typetree-allocator-block-size=2097152"
    "memorysetup-profiler-bucket-allocator-granularity=16"
    "memorysetup-profiler-bucket-allocator-bucket-count=8"
    "memorysetup-profiler-bucket-allocator-block-size=33554432"
    "memorysetup-profiler-bucket-allocator-block-count=8"
    "memorysetup-profiler-allocator-block-size=16777216"
    "memorysetup-profiler-editor-allocator-block-size=1048576"
    "memorysetup-temp-allocator-size-main=16777216"
    "memorysetup-job-temp-allocator-block-size=2097152"
    "memorysetup-job-temp-allocator-block-size-background=1048576"
    "memorysetup-job-temp-allocator-reduction-small-platforms=262144"
    "memorysetup-temp-allocator-size-background-worker=32768"
    "memorysetup-temp-allocator-size-job-worker=262144"
    "memorysetup-temp-allocator-size-preload-manager=33554432"
    "memorysetup-temp-allocator-size-nav-mesh-worker=65536"
    "memorysetup-temp-allocator-size-audio-worker=65536"
    "memorysetup-temp-allocator-size-cloud-worker=32768"
    "memorysetup-temp-allocator-size-gi-baking-worker=262144"
    "memorysetup-temp-allocator-size-gfx=262144"
Player connection [10796] Host "[IP] 192.168.31.12 [Port] 0 [Flags] 2 [Guid] 884132899 [EditorId] 884132899 [Version] 1048832 [Id] WindowsEditor(7,在风陵渡口卖机顶盒) [Debug] 1 [PackageName] WindowsEditor [ProjectName] Editor" joined multi-casting on [225.0.0.222:54997]...

Player connection [10796] Host "[IP] 192.168.31.12 [Port] 0 [Flags] 2 [Guid] 884132899 [EditorId] 884132899 [Version] 1048832 [Id] WindowsEditor(7,在风陵渡口卖机顶盒) [Debug] 1 [PackageName] WindowsEditor [ProjectName] Editor" joined alternative multi-casting on [225.0.0.222:34997]...

Refreshing native plugins compatible for Editor in 48.85 ms, found 3 plugins.
Preloading 0 native plugins for Editor in 0.00 ms.
Initialize engine version: 2021.3.19f1 (c9714fde33b6)
[Subsystems] Discovering subsystems at path D:/Code/UnityHub/2021.3.19f1/Editor/Data/Resources/UnitySubsystems
[Subsystems] Discovering subsystems at path D:/Code/UnityProject/ProjectTest/UGuiTest/Assets
GfxDevice: creating device client; threaded=0; jobified=0
Direct3D:
    Version:  Direct3D 11.0 [level 11.1]
    Renderer: NVIDIA GeForce RTX 3060 Ti (ID=0x2489)
    Vendor:   NVIDIA
    VRAM:     8050 MB
    Driver:   31.0.15.1702
Initialize mono
Mono path[0] = 'D:/Code/UnityHub/2021.3.19f1/Editor/Data/Managed'
Mono path[1] = 'D:/Code/UnityHub/2021.3.19f1/Editor/Data/MonoBleedingEdge/lib/mono/unityjit-win32'
Mono config path = 'D:/Code/UnityHub/2021.3.19f1/Editor/Data/MonoBleedingEdge/etc'
Using monoOptions --debugger-agent=transport=dt_socket,embedding=1,server=y,suspend=n,address=127.0.0.1:56456
Begin MonoManager ReloadAssembly
Registering precompiled unity dll's ...
Register platform support module: D:/Code/UnityHub/2021.3.19f1/Editor/Data/PlaybackEngines/WebGLSupport/UnityEditor.WebGL.Extensions.dll
Register platform support module: D:/Code/UnityHub/2021.3.19f1/Editor/Data/PlaybackEngines/WindowsStandaloneSupport/UnityEditor.WindowsStandalone.Extensions.dll
Registered in 0.001313 seconds.
Native extension for WindowsStandalone target not found
Native extension for WebGL target not found
Refreshing native plugins compatible for Editor in 43.96 ms, found 3 plugins.
Preloading 0 native plugins for Editor in 0.00 ms.
Mono: successfully reloaded assembly
- Completed reload, in  0.393 seconds
Domain Reload Profiling:
	ReloadAssembly (393ms)
		BeginReloadAssembly (51ms)
			ExecutionOrderSort (0ms)
			DisableScriptedObjects (0ms)
			BackupInstance (0ms)
			ReleaseScriptingObjects (0ms)
			CreateAndSetChildDomain (1ms)
		EndReloadAssembly (279ms)
			LoadAssemblies (50ms)
			RebuildTransferFunctionScriptingTraits (0ms)
			SetupTypeCache (71ms)
			ReleaseScriptCaches (0ms)
			RebuildScriptCaches (17ms)
			SetupLoadedEditorAssemblies (162ms)
				LogAssemblyErrors (0ms)
				InitializePlatformSupportModulesInManaged (6ms)
				SetLoadedEditorAssemblies (0ms)
				RefreshPlugins (44ms)
				BeforeProcessingInitializeOnLoad (1ms)
				ProcessInitializeOnLoadAttributes (78ms)
				ProcessInitializeOnLoadMethodAttributes (33ms)
				AfterProcessingInitializeOnLoad (0ms)
				EditorAssembliesLoaded (0ms)
			ExecutionOrderSort2 (0ms)
			AwakeInstancesAfterBackupRestoration (0ms)
Platform modules already initialized, skipping
Registering precompiled user dll's ...
Registered in 0.002015 seconds.
Begin MonoManager ReloadAssembly
Symbol file LoadedFromMemory doesn't match image D:\Code\UnityProject\ProjectTest\UGuiTest\Library\PackageCache\com.unity.visualscripting@1.8.0\Editor\VisualScripting.Core\Dependencies\YamlDotNet\Unity.VisualScripting.YamlDotNet.dll
Symbol file LoadedFromMemory doesn't match image D:\Code\UnityProject\ProjectTest\UGuiTest\Library\PackageCache\com.unity.visualscripting@1.8.0\Editor\VisualScripting.Core\Dependencies\DotNetZip\Unity.VisualScripting.IonicZip.dll
Native extension for WindowsStandalone target not found
Native extension for WebGL target not found
Refreshing native plugins compatible for Editor in 0.35 ms, found 3 plugins.
Preloading 0 native plugins for Editor in 0.00 ms.
Mono: successfully reloaded assembly
- Completed reload, in  0.630 seconds
Domain Reload Profiling:
	ReloadAssembly (630ms)
		BeginReloadAssembly (76ms)
			ExecutionOrderSort (0ms)
			DisableScriptedObjects (3ms)
			BackupInstance (0ms)
			ReleaseScriptingObjects (0ms)
			CreateAndSetChildDomain (12ms)
		EndReloadAssembly (480ms)
			LoadAssemblies (63ms)
			RebuildTransferFunctionScriptingTraits (0ms)
			SetupTypeCache (155ms)
			ReleaseScriptCaches (0ms)
			RebuildScriptCaches (33ms)
			SetupLoadedEditorAssemblies (213ms)
				LogAssemblyErrors (0ms)
				InitializePlatformSupportModulesInManaged (3ms)
				SetLoadedEditorAssemblies (0ms)
				RefreshPlugins (0ms)
				BeforeProcessingInitializeOnLoad (42ms)
				ProcessInitializeOnLoadAttributes (153ms)
				ProcessInitializeOnLoadMethodAttributes (12ms)
				AfterProcessingInitializeOnLoad (2ms)
				EditorAssembliesLoaded (0ms)
			ExecutionOrderSort2 (0ms)
			AwakeInstancesAfterBackupRestoration (6ms)
Platform modules already initialized, skipping
========================================================================
Worker process is ready to serve import requests
Launched and connected shader compiler UnityShaderCompiler.exe after 0.04 seconds
Refreshing native plugins compatible for Editor in 0.44 ms, found 3 plugins.
Preloading 0 native plugins for Editor in 0.00 ms.
Unloading 3100 Unused Serialized files (Serialized files now loaded: 0)
Unloading 24 unused Assets / (113.7 KB). Loaded Objects now: 3561.
Memory consumption went from 111.0 MB to 110.9 MB.
Total: 2.321000 ms (FindLiveObjects: 0.164700 ms CreateObjectMapping: 0.072900 ms MarkObjects: 1.996800 ms  DeleteObjects: 0.085800 ms)

AssetImportParameters requested are different than current active one (requested -> active):
  custom:video-decoder-ogg-theora: a1e56fd34408186e4bbccfd4996cb3dc -> 
  custom:container-muxer-webm: aa71ff27fc2769a1b78a27578f13a17b -> 
  custom:container-demuxer-webm: 4f35f7cbe854078d1ac9338744f61a02 -> 
  custom:video-encoder-webm-vp8: eb34c28f22e8b96e1ab97ce403110664 -> 
  custom:video-codec-MediaFoundation-h265: 746d11721c4dcdbdad8f713fa42b33f4 -> 
  custom:audio-encoder-webm-vorbis: bf7c407c2cedff20999df2af8eb42d56 -> 
  custom:framework-win-MediaFoundation: 216162199b28c13a410421893ffa2e32 -> 
  custom:container-demuxer-ogg: 62fdf1f143b41e24485cea50d1cbac27 -> 
  custom:video-decoder-webm-vp8: 9c59270c3fd7afecdb556c50c9e8de78 -> 
  custom:audio-decoder-ogg-vorbis: bf7c407c2cedff20999df2af8eb42d56 -> 
========================================================================
Received Import Request.
  Time since last request: 212715.470112 seconds.
  path: Assets/Free Game Items/96dpi/backpack-1.png
  artifactKey: Guid(299599986b195ec44ba0d4bf6f4d4804) Importer(815301076,1909f56bfc062723c751e8b465ee728b)
Start importing Assets/Free Game Items/96dpi/backpack-1.png using Guid(299599986b195ec44ba0d4bf6f4d4804) Importer(815301076,1909f56bfc062723c751e8b465ee728b)  -> (artifact id: 'e32e3d93d7244fc2a5e74a90cd87b0ab') in 0.142412 seconds 
========================================================================
Received Import Request.
  Time since last request: 0.000020 seconds.
  path: Assets/Free Game Items/96dpi/chemical_light.png
  artifactKey: Guid(cc7773ef4a2e0cb40859bd61c2c27b1e) Importer(815301076,1909f56bfc062723c751e8b465ee728b)
Start importing Assets/Free Game Items/96dpi/chemical_light.png using Guid(cc7773ef4a2e0cb40859bd61c2c27b1e) Importer(815301076,1909f56bfc062723c751e8b465ee728b)  -> (artifact id: 'd1d946b4191091ae5ba97505b3798fa9') in 0.008820 seconds 
========================================================================
Received Import Request.
  Time since last request: 0.000025 seconds.
  path: Assets/Free Game Items/96dpi/hammer.png
  artifactKey: Guid(27bdb876939215f41bd72bd2f5ad21f4) Importer(815301076,1909f56bfc062723c751e8b465ee728b)
Start importing Assets/Free Game Items/96dpi/hammer.png using Guid(27bdb876939215f41bd72bd2f5ad21f4) Importer(815301076,1909f56bfc062723c751e8b465ee728b)  -> (artifact id: 'b06283ed79c954e0ca3827cdb4309dec') in 0.008591 seconds 
========================================================================
Received Import Request.
  Time since last request: 1.648368 seconds.
  path: Assets/Free Game Items/300dpi/backpack-1.png
  artifactKey: Guid(12ecca8998715824f822cd52d4152545) Importer(815301076,1909f56bfc062723c751e8b465ee728b)
Start importing Assets/Free Game Items/300dpi/backpack-1.png using Guid(12ecca8998715824f822cd52d4152545) Importer(815301076,1909f56bfc062723c751e8b465ee728b)  -> (artifact id: '0ea491b82673936a19a918ee2efcc174') in 0.012317 seconds 
========================================================================
Received Import Request.
  Time since last request: 0.000012 seconds.
  path: Assets/Free Game Items/300dpi/pill.png
  artifactKey: Guid(619d73d8279488e44ad15761d2b24b72) Importer(815301076,1909f56bfc062723c751e8b465ee728b)
Start importing Assets/Free Game Items/300dpi/pill.png using Guid(619d73d8279488e44ad15761d2b24b72) Importer(815301076,1909f56bfc062723c751e8b465ee728b)  -> (artifact id: '3631eccb8c99b4f20fa582cf960601d9') in 0.008014 seconds 
========================================================================
Received Import Request.
  Time since last request: 0.000012 seconds.
  path: Assets/Free Game Items/300dpi/pills.png
  artifactKey: Guid(06d02d07843f570469ba6d32b0806d13) Importer(815301076,1909f56bfc062723c751e8b465ee728b)
Start importing Assets/Free Game Items/300dpi/pills.png using Guid(06d02d07843f570469ba6d32b0806d13) Importer(815301076,1909f56bfc062723c751e8b465ee728b)  -> (artifact id: 'a661ab4f320c48d52a2c81a20dc830d9') in 0.008212 seconds 
========================================================================
Received Import Request.
  Time since last request: 0.000012 seconds.
  path: Assets/Free Game Items/300dpi/gem_1.png
  artifactKey: Guid(6f1afce65949909419b0a70a51a7918b) Importer(815301076,1909f56bfc062723c751e8b465ee728b)
Start importing Assets/Free Game Items/300dpi/gem_1.png using Guid(6f1afce65949909419b0a70a51a7918b) Importer(815301076,1909f56bfc062723c751e8b465ee728b)  -> (artifact id: '1081f9f15fd18a68615d8b0a9d1dad72') in 0.009401 seconds 
========================================================================
Received Import Request.
  Time since last request: 0.000013 seconds.
  path: Assets/Free Game Items/300dpi/bronze_coin.png
  artifactKey: Guid(c29162d11d03499498205196908712a5) Importer(815301076,1909f56bfc062723c751e8b465ee728b)
Start importing Assets/Free Game Items/300dpi/bronze_coin.png using Guid(c29162d11d03499498205196908712a5) Importer(815301076,1909f56bfc062723c751e8b465ee728b)  -> (artifact id: 'b792952ac0365328762e7e78c91d74ee') in 0.009659 seconds 
========================================================================
Received Import Request.
  Time since last request: 18.208495 seconds.
  path: Assets/Resources/clover.png
  artifactKey: Guid(5e65db9df35ceb94597bf7dd1e8c4fbe) Importer(815301076,1909f56bfc062723c751e8b465ee728b)
Start importing Assets/Resources/clover.png using Guid(5e65db9df35ceb94597bf7dd1e8c4fbe) Importer(815301076,1909f56bfc062723c751e8b465ee728b)  -> (artifact id: 'fa8ae77e554fc2d6c6da05ff08d3aac1') in 0.009094 seconds 
========================================================================
Received Import Request.
  Time since last request: 0.000016 seconds.
  path: Assets/Resources/potion_2_empty.png
  artifactKey: Guid(2175a881a5baa2942aa84d01632576e9) Importer(815301076,1909f56bfc062723c751e8b465ee728b)
Start importing Assets/Resources/potion_2_empty.png using Guid(2175a881a5baa2942aa84d01632576e9) Importer(815301076,1909f56bfc062723c751e8b465ee728b)  -> (artifact id: 'e0067618fefdfe24cfb803e59844793d') in 0.009385 seconds 
========================================================================
Received Import Request.
  Time since last request: 0.000016 seconds.
  path: Assets/Resources/gem_2.png
  artifactKey: Guid(9ff16a87a5b7f37429b823101a7919f9) Importer(815301076,1909f56bfc062723c751e8b465ee728b)
Start importing Assets/Resources/gem_2.png using Guid(9ff16a87a5b7f37429b823101a7919f9) Importer(815301076,1909f56bfc062723c751e8b465ee728b)  -> (artifact id: '1b74d01ddfdb0714af81905cc297fb78') in 0.007119 seconds 
========================================================================
Received Import Request.
  Time since last request: 0.000017 seconds.
  path: Assets/Resources/scroll.png
  artifactKey: Guid(e43c0a0415ab71942b670a55afa5d278) Importer(815301076,1909f56bfc062723c751e8b465ee728b)
Start importing Assets/Resources/scroll.png using Guid(e43c0a0415ab71942b670a55afa5d278) Importer(815301076,1909f56bfc062723c751e8b465ee728b)  -> (artifact id: '6d373dd0d2378b3438f399352ecba39a') in 0.010448 seconds 
========================================================================
Received Import Request.
  Time since last request: 2.529339 seconds.
  path: Assets/Resources/bronze_coin.png
  artifactKey: Guid(eec7c6e5df7131a44ab1ab7c8d617739) Importer(815301076,1909f56bfc062723c751e8b465ee728b)
Start importing Assets/Resources/bronze_coin.png using Guid(eec7c6e5df7131a44ab1ab7c8d617739) Importer(815301076,1909f56bfc062723c751e8b465ee728b)  -> (artifact id: 'b6715582baac6041dee5ba1bb80d9784') in 0.095140 seconds 
========================================================================
Received Import Request.
  Time since last request: 0.222225 seconds.
  path: Assets/Resources/bomb.png
  artifactKey: Guid(d5616caf85cb09941b6e21a913770c5a) Importer(815301076,1909f56bfc062723c751e8b465ee728b)
Start importing Assets/Resources/bomb.png using Guid(d5616caf85cb09941b6e21a913770c5a) Importer(815301076,1909f56bfc062723c751e8b465ee728b)  -> (artifact id: '610917408f40738bbcbe6402b39fd7b8') in 0.048959 seconds 
Editor requested this worker to shutdown with reason: Scaling down because of idle timeout
AssetImportWorker is now disconnected from the server
Process exiting
Exiting without the bug reporter. Application will terminate with return code 0